<?xml version="1.0" encoding="UTF-8"?>
<!-- Generated by org.testng.reporters.JUnitXMLReporter -->
<testsuite hostname="DESKTOP-UU6ILCO" name="Default test" tests="13" failures="0" timestamp="29 Jun 2018 10:26:14 GMT" time="65.972" errors="0">
  <testcase name="OpenURL" time="4.04" classname="MavenTest.NewTest"/>
  <testcase name="LoginWithInvalidData" time="3.127" classname="MavenTest.NewTest"/>
  <testcase name="LoginWithValidData" time="3.752" classname="MavenTest.NewTest"/>
  <testcase name="OpenCategory" time="1.655" classname="MavenTest.NewTest"/>
  <testcase name="AddProductInCart" time="3.284" classname="MavenTest.NewTest"/>
  <testcase name="RemoveProductFromCart" time="2.185" classname="MavenTest.NewTest"/>
  <testcase name="AddProductToWishlist" time="3.174" classname="MavenTest.NewTest"/>
  <testcase name="RemoveFromWishlist" time="0.112" classname="MavenTest.NewTest"/>
  <testcase name="AddToCompare" time="8.858" classname="MavenTest.NewTest"/>
  <testcase name="CheckCompare" time="22.56" classname="MavenTest.NewTest"/>
  <testcase name="CheckMyAccount" time="3.523" classname="MavenTest.NewTest"/>
  <testcase name="RemoveFromCompare" time="0.299" classname="MavenTest.NewTest"/>
  <testcase name="LogOut" time="3.551" classname="MavenTest.NewTest"/>
</testsuite> <!-- Default test -->
