<?xml version="1.0" encoding="UTF-8"?>
<testng-results skipped="0" failed="0" total="13" passed="13">
  <reporter-output>
  </reporter-output>
  <suite name="Default suite" duration-ms="62247" started-at="2018-06-28T07:39:17Z" finished-at="2018-06-28T07:40:20Z">
    <groups>
    </groups>
    <test name="Default test" duration-ms="62247" started-at="2018-06-28T07:39:17Z" finished-at="2018-06-28T07:40:20Z">
      <class name="MavenTest.NewTest">
        <test-method status="PASS" signature="beforeTest()[pri:0, instance:MavenTest.NewTest@57baeedf]" name="beforeTest" is-config="true" duration-ms="4686" started-at="2018-06-28T13:09:17Z" finished-at="2018-06-28T13:09:22Z">
          <reporter-output>
          </reporter-output>
        </test-method> <!-- beforeTest -->
        <test-method status="PASS" signature="OpenURL()[pri:1, instance:MavenTest.NewTest@57baeedf]" name="OpenURL" duration-ms="3860" started-at="2018-06-28T13:09:22Z" finished-at="2018-06-28T13:09:26Z">
          <reporter-output>
          </reporter-output>
        </test-method> <!-- OpenURL -->
        <test-method status="PASS" signature="LoginWithInvalidData()[pri:2, instance:MavenTest.NewTest@57baeedf]" name="LoginWithInvalidData" duration-ms="3112" started-at="2018-06-28T13:09:26Z" finished-at="2018-06-28T13:09:29Z">
          <reporter-output>
          </reporter-output>
        </test-method> <!-- LoginWithInvalidData -->
        <test-method status="PASS" signature="LoginWithValidData()[pri:3, instance:MavenTest.NewTest@57baeedf]" name="LoginWithValidData" duration-ms="2830" started-at="2018-06-28T13:09:29Z" finished-at="2018-06-28T13:09:32Z">
          <reporter-output>
          </reporter-output>
        </test-method> <!-- LoginWithValidData -->
        <test-method status="PASS" signature="OpenCategory()[pri:4, instance:MavenTest.NewTest@57baeedf]" name="OpenCategory" duration-ms="1831" started-at="2018-06-28T13:09:32Z" finished-at="2018-06-28T13:09:34Z">
          <reporter-output>
          </reporter-output>
        </test-method> <!-- OpenCategory -->
        <test-method status="PASS" signature="AddProductInCart()[pri:5, instance:MavenTest.NewTest@57baeedf]" name="AddProductInCart" duration-ms="7921" started-at="2018-06-28T13:09:34Z" finished-at="2018-06-28T13:09:42Z">
          <reporter-output>
          </reporter-output>
        </test-method> <!-- AddProductInCart -->
        <test-method status="PASS" signature="RemoveProductFromCart()[pri:6, instance:MavenTest.NewTest@57baeedf]" name="RemoveProductFromCart" duration-ms="2468" started-at="2018-06-28T13:09:42Z" finished-at="2018-06-28T13:09:44Z">
          <reporter-output>
          </reporter-output>
        </test-method> <!-- RemoveProductFromCart -->
        <test-method status="PASS" signature="AddProductToWishlist()[pri:7, instance:MavenTest.NewTest@57baeedf]" name="AddProductToWishlist" duration-ms="4488" started-at="2018-06-28T13:09:44Z" finished-at="2018-06-28T13:09:49Z">
          <reporter-output>
          </reporter-output>
        </test-method> <!-- AddProductToWishlist -->
        <test-method status="PASS" signature="RemoveFromWishlist()[pri:8, instance:MavenTest.NewTest@57baeedf]" name="RemoveFromWishlist" duration-ms="161" started-at="2018-06-28T13:09:49Z" finished-at="2018-06-28T13:09:49Z">
          <reporter-output>
          </reporter-output>
        </test-method> <!-- RemoveFromWishlist -->
        <test-method status="PASS" signature="AddToCompare()[pri:9, instance:MavenTest.NewTest@57baeedf]" name="AddToCompare" duration-ms="7197" started-at="2018-06-28T13:09:49Z" finished-at="2018-06-28T13:09:56Z">
          <reporter-output>
          </reporter-output>
        </test-method> <!-- AddToCompare -->
        <test-method status="PASS" signature="CheckCompare()[pri:10, instance:MavenTest.NewTest@57baeedf]" name="CheckCompare" duration-ms="15403" started-at="2018-06-28T13:09:56Z" finished-at="2018-06-28T13:10:11Z">
          <reporter-output>
          </reporter-output>
        </test-method> <!-- CheckCompare -->
        <test-method status="PASS" signature="CheckMyAccount()[pri:11, instance:MavenTest.NewTest@57baeedf]" name="CheckMyAccount" duration-ms="3579" started-at="2018-06-28T13:10:11Z" finished-at="2018-06-28T13:10:15Z">
          <reporter-output>
          </reporter-output>
        </test-method> <!-- CheckMyAccount -->
        <test-method status="PASS" signature="RemoveFromCompare()[pri:12, instance:MavenTest.NewTest@57baeedf]" name="RemoveFromCompare" duration-ms="165" started-at="2018-06-28T13:10:15Z" finished-at="2018-06-28T13:10:15Z">
          <reporter-output>
          </reporter-output>
        </test-method> <!-- RemoveFromCompare -->
        <test-method status="PASS" signature="LogOut()[pri:13, instance:MavenTest.NewTest@57baeedf]" name="LogOut" duration-ms="3578" started-at="2018-06-28T13:10:15Z" finished-at="2018-06-28T13:10:19Z">
          <reporter-output>
          </reporter-output>
        </test-method> <!-- LogOut -->
        <test-method status="PASS" signature="afterTest()[pri:0, instance:MavenTest.NewTest@57baeedf]" name="afterTest" is-config="true" duration-ms="879" started-at="2018-06-28T13:10:19Z" finished-at="2018-06-28T13:10:20Z">
          <reporter-output>
          </reporter-output>
        </test-method> <!-- afterTest -->
      </class> <!-- MavenTest.NewTest -->
    </test> <!-- Default test -->
  </suite> <!-- Default suite -->
</testng-results>
